<?xml version="1.0" encoding="UTF-8"?>
<!-- Generated by org.testng.reporters.JUnitReportReporter -->
<testsuite hostname="LAPTOP-VPMNF377" failures="0" tests="1" name="FirstGetRequest" time="1.901" errors="0" timestamp="2024-07-26T02:39:34 IST" skipped="0">
  <testcase classname="FirstGetRequest" name="testcase01" time="1.901"/>
</testsuite> <!-- FirstGetRequest -->
