<?xml version="1.0" encoding="UTF-8"?>
<!-- Generated by org.testng.reporters.JUnitReportReporter -->
<testsuite hostname="LAPTOP-VPMNF377" failures="0" tests="2" name="crud.Test_GetMethod" time="2.045" errors="0" timestamp="2024-07-26T04:03:05 IST" skipped="0">
  <testcase classname="crud.Test_GetMethod" name="test01" time="0.171"/>
  <testcase classname="crud.Test_GetMethod" name="Test02" time="1.874"/>
</testsuite> <!-- crud.Test_GetMethod -->
