<?xml version="1.0" encoding="UTF-8"?>
<!-- Generated by org.testng.reporters.JUnitReportReporter -->
<testsuite hostname="LAPTOP-VPMNF377" failures="0" tests="1" name="crud.Test_PatchMethod" time="2.265" errors="0" timestamp="2024-07-26T04:55:59 IST" skipped="0">
  <testcase classname="crud.Test_PatchMethod" name="test" time="2.265"/>
</testsuite> <!-- crud.Test_PatchMethod -->
