<?xml version="1.0" encoding="UTF-8"?>
<!-- Generated by org.testng.reporters.JUnitReportReporter -->
<testsuite hostname="LAPTOP-VPMNF377" failures="0" tests="1" name="crud.Test_PutMethod" time="2.348" errors="0" timestamp="2024-07-26T04:53:55 IST" skipped="0">
  <testcase classname="crud.Test_PutMethod" name="test01" time="2.348"/>
</testsuite> <!-- crud.Test_PutMethod -->
