<?xml version="1.0" encoding="UTF-8"?>
<!-- Generated by org.testng.reporters.JUnitReportReporter -->
<testsuite hostname="LAPTOP-VPMNF377" failures="0" tests="1" name="crud.Test_PostMethod" time="1.949" errors="0" timestamp="2024-07-26T04:38:30 IST" skipped="0">
  <testcase classname="crud.Test_PostMethod" name="test01" time="1.949"/>
</testsuite> <!-- crud.Test_PostMethod -->
