<?xml version="1.0" encoding="UTF-8"?>
<!-- Generated by org.testng.reporters.JUnitReportReporter -->
<testsuite hostname="LAPTOP-VPMNF377" failures="0" tests="1" name="crud.Test_DeleteMethod" time="2.020" errors="0" timestamp="2024-07-26T05:01:26 IST" skipped="0">
  <testcase classname="crud.Test_DeleteMethod" name="test" time="2.020"/>
</testsuite> <!-- crud.Test_DeleteMethod -->
